<?xml version="1.0" encoding="UTF-8"?>
<testng-results skipped="0" failed="0" ignored="0" total="2" passed="2">
  <reporter-output>
  </reporter-output>
  <suite name="Default suite" duration-ms="22475" started-at="2020-07-23T11:39:01 IST" finished-at="2020-07-23T11:39:23 IST">
    <groups>
      <group name="cucumber">
        <method signature="AbstractTestNGCucumberTests.feature(cucumber.api.testng.CucumberFeatureWrapper)[pri:0, instance:runners.RunCuke@80ec1f8]" name="feature" class="cucumber.api.testng.AbstractTestNGCucumberTests"/>
      </group> <!-- cucumber -->
    </groups>
    <test name="Default test" duration-ms="22475" started-at="2020-07-23T11:39:01 IST" finished-at="2020-07-23T11:39:23 IST">
      <class name="runners.RunCuke">
        <test-method status="PASS" signature="setUpClass()[pri:0, instance:runners.RunCuke@80ec1f8]" name="setUpClass" is-config="true" duration-ms="217" started-at="2020-07-23T11:39:01 IST" finished-at="2020-07-23T11:39:01 IST">
          <reporter-output>
          </reporter-output>
        </test-method> <!-- setUpClass -->
        <test-method status="PASS" signature="setup()[pri:0, instance:runners.RunCuke@80ec1f8]" name="setup" is-config="true" duration-ms="153" started-at="2020-07-23T11:39:01 IST" finished-at="2020-07-23T11:39:01 IST">
          <reporter-output>
          </reporter-output>
        </test-method> <!-- setup -->
        <test-method status="PASS" signature="feature(cucumber.api.testng.CucumberFeatureWrapper)[pri:0, instance:runners.RunCuke@80ec1f8]" name="feature" duration-ms="8852" started-at="2020-07-23T11:39:01 IST" description="Runs Cucumber Feature" data-provider="features" finished-at="2020-07-23T11:39:10 IST">
          <params>
            <param index="0">
              <value>
                <![CDATA[Acceptance test to validate if the car search page is working fine]]>
              </value>
            </param>
          </params>
          <reporter-output>
          </reporter-output>
        </test-method> <!-- feature -->
        <test-method status="PASS" signature="feature(cucumber.api.testng.CucumberFeatureWrapper)[pri:0, instance:runners.RunCuke@80ec1f8]" name="feature" duration-ms="13046" started-at="2020-07-23T11:39:10 IST" description="Runs Cucumber Feature" data-provider="features" finished-at="2020-07-23T11:39:23 IST">
          <params>
            <param index="0">
              <value>
                <![CDATA[Acceptance test to validate if the used car search page is working fine]]>
              </value>
            </param>
          </params>
          <reporter-output>
          </reporter-output>
        </test-method> <!-- feature -->
        <test-method status="PASS" signature="tearDownClass()[pri:0, instance:runners.RunCuke@80ec1f8]" name="tearDownClass" is-config="true" duration-ms="83" started-at="2020-07-23T11:39:23 IST" finished-at="2020-07-23T11:39:23 IST">
          <reporter-output>
          </reporter-output>
        </test-method> <!-- tearDownClass -->
      </class> <!-- runners.RunCuke -->
    </test> <!-- Default test -->
  </suite> <!-- Default suite -->
</testng-results>
